

Processing Rails::InfoController#properties (for 127.0.0.1 at 2009-10-18 17:26:43) [GET]
  [4;36;1mSQL (0.3ms)[0m   [0;1m SELECT name
 FROM sqlite_master
 WHERE type = 'table' AND NOT name = 'sqlite_sequence'
[0m
Completed in 12ms (View: 2, DB: 0) | 200 OK [http://localhost/rails/info/properties]


Processing MenuItemsController#index (for 127.0.0.1 at 2009-10-18 17:27:04) [GET]
  [4;35;1mMenuItem Load (0.0ms)[0m   [0mSQLite3::SQLException: no such table: menu_items: SELECT * FROM "menu_items" [0m

ActiveRecord::StatementInvalid (SQLite3::SQLException: no such table: menu_items: SELECT * FROM "menu_items" ):
  app/controllers/menu_items_controller.rb:5:in `index'
  -e:1:in `load'
  -e:1

Rendered rescues/_trace (63.6ms)
Rendered rescues/_request_and_response (1.1ms)
Rendering rescues/layout (internal_server_error)
  [4;36;1mSQL (0.2ms)[0m   [0;1m SELECT name
 FROM sqlite_master
 WHERE type = 'table' AND NOT name = 'sqlite_sequence'
[0m
  [4;35;1mSQL (0.1ms)[0m   [0mselect sqlite_version(*)[0m
  [4;36;1mSQL (354.9ms)[0m   [0;1mCREATE TABLE "schema_migrations" ("version" varchar(255) NOT NULL) [0m
  [4;35;1mSQL (4.1ms)[0m   [0mCREATE UNIQUE INDEX "unique_schema_migrations" ON "schema_migrations" ("version")[0m
  [4;36;1mSQL (0.3ms)[0m   [0;1m SELECT name
 FROM sqlite_master
 WHERE type = 'table' AND NOT name = 'sqlite_sequence'
[0m
  [4;35;1mSQL (0.1ms)[0m   [0mSELECT version FROM schema_migrations[0m
Migrating to CreateMenuItems (20091019002617)
  [4;36;1mSQL (0.5ms)[0m   [0;1mCREATE TABLE "menu_items" ("id" INTEGER PRIMARY KEY AUTOINCREMENT NOT NULL, "name" varchar(255), "description" text, "created_at" datetime, "updated_at" datetime) [0m
  [4;35;1mSQL (0.1ms)[0m   [0mINSERT INTO schema_migrations (version) VALUES ('20091019002617')[0m
  [4;36;1mSQL (0.3ms)[0m   [0;1m SELECT name
 FROM sqlite_master
 WHERE type = 'table' AND NOT name = 'sqlite_sequence'
[0m
  [4;35;1mSQL (0.1ms)[0m   [0mSELECT version FROM schema_migrations[0m
  [4;36;1mSQL (0.1ms)[0m   [0;1m SELECT name
 FROM sqlite_master
 WHERE type = 'table' AND NOT name = 'sqlite_sequence'
[0m
  [4;35;1mSQL (0.0ms)[0m   [0mPRAGMA index_list("menu_items")[0m


Processing MenuItemsController#index (for 127.0.0.1 at 2009-10-18 17:27:39) [GET]
  [4;36;1mMenuItem Load (0.4ms)[0m   [0;1mSELECT * FROM "menu_items" [0m
Rendering template within layouts/menu_items
Rendering menu_items/index
Completed in 32ms (View: 27, DB: 0) | 200 OK [http://localhost/menu_items/]


Processing MenuItemsController#new (for 127.0.0.1 at 2009-10-18 17:27:43) [GET]
Rendering template within layouts/menu_items
Rendering menu_items/new
Completed in 13ms (View: 9, DB: 0) | 200 OK [http://localhost/menu_items/new]


Processing MenuItemsController#create (for 127.0.0.1 at 2009-10-18 17:28:02) [POST]
  Parameters: {"menu_item"=>{"name"=>"Turkey Foot", "description"=>"Delicately Roasted with fine herbs."}, "commit"=>"Create", "authenticity_token"=>"r7tRX2eMoHnsyE1SQ3k4gW2eqIMXivJw03IUju4yMww="}
  [4;35;1mMenuItem Create (0.4ms)[0m   [0mINSERT INTO "menu_items" ("name", "created_at", "updated_at", "description") VALUES('Turkey Foot', '2009-10-19 00:28:02', '2009-10-19 00:28:02', 'Delicately Roasted with fine herbs.')[0m
Redirected to http://localhost:3000/menu_items/1
Completed in 55ms (DB: 0) | 302 Found [http://localhost/menu_items]


Processing MenuItemsController#show (for 127.0.0.1 at 2009-10-18 17:28:02) [GET]
  Parameters: {"id"=>"1"}
  [4;36;1mMenuItem Load (0.2ms)[0m   [0;1mSELECT * FROM "menu_items" WHERE ("menu_items"."id" = 1) [0m
Rendering template within layouts/menu_items
Rendering menu_items/show
Completed in 70ms (View: 65, DB: 0) | 200 OK [http://localhost/menu_items/1]


Processing MenuItemsController#index (for 127.0.0.1 at 2009-10-18 17:28:07) [GET]
  [4;35;1mMenuItem Load (0.5ms)[0m   [0mSELECT * FROM "menu_items" [0m
Rendering template within layouts/menu_items
Rendering menu_items/index
Completed in 10ms (View: 6, DB: 0) | 200 OK [http://localhost/menu_items]


Processing MenuItemsController#index (for 127.0.0.1 at 2009-10-18 17:29:06) [GET]
  [4;36;1mMenuItem Load (0.4ms)[0m   [0;1mSELECT * FROM "menu_items" [0m
Rendering template within layouts/menu_items
Rendering menu_items/index
Completed in 10ms (View: 6, DB: 0) | 200 OK [http://localhost/menu_items]


Processing MenuItemsController#index (for 127.0.0.1 at 2009-10-18 17:29:29) [GET]
  [4;35;1mMenuItem Load (0.4ms)[0m   [0mSELECT * FROM "menu_items" [0m
Rendering template within layouts/menu_items
Rendering menu_items/index
Completed in 9ms (View: 6, DB: 0) | 200 OK [http://localhost/menu_items]
  [4;36;1mSQL (0.5ms)[0m   [0;1m SELECT name
 FROM sqlite_master
 WHERE type = 'table' AND NOT name = 'sqlite_sequence'
[0m
  [4;35;1mSQL (0.1ms)[0m   [0mSELECT version FROM schema_migrations[0m
Migrating to CreateMenuItems (20091019002617)
  [4;36;1mSQL (0.2ms)[0m   [0;1mselect sqlite_version(*)[0m
  [4;35;1mSQL (0.2ms)[0m   [0m SELECT name
 FROM sqlite_master
 WHERE type = 'table' AND NOT name = 'sqlite_sequence'
[0m
  [4;36;1mSQL (0.2ms)[0m   [0;1mSELECT version FROM schema_migrations[0m
  [4;35;1mSQL (0.1ms)[0m   [0m SELECT name
 FROM sqlite_master
 WHERE type = 'table' AND NOT name = 'sqlite_sequence'
[0m
  [4;36;1mSQL (0.0ms)[0m   [0;1mPRAGMA index_list("menu_items")[0m


Processing MenuItemsController#index (for 127.0.0.1 at 2009-10-18 17:44:19) [GET]
  [4;36;1mMenuItem Load (0.4ms)[0m   [0;1mSELECT * FROM "menu_items" [0m
Rendering template within layouts/menu_items
Rendering menu_items/index
Completed in 10ms (View: 6, DB: 0) | 200 OK [http://localhost/menu_items]
  [4;36;1mSQL (0.4ms)[0m   [0;1m SELECT name
 FROM sqlite_master
 WHERE type = 'table' AND NOT name = 'sqlite_sequence'
[0m
  [4;35;1mSQL (0.1ms)[0m   [0mSELECT version FROM schema_migrations[0m
Migrating to CreateMenuItems (20091019002617)
Migrating to CreateMenus (20091019011840)
  [4;36;1mSQL (0.1ms)[0m   [0;1mselect sqlite_version(*)[0m
  [4;35;1mSQL (0.4ms)[0m   [0mCREATE TABLE "menus" ("id" INTEGER PRIMARY KEY AUTOINCREMENT NOT NULL, "Name" varchar(255), "description" text, "created_at" datetime, "updated_at" datetime) [0m
  [4;36;1mSQL (0.1ms)[0m   [0;1mINSERT INTO schema_migrations (version) VALUES ('20091019011840')[0m
  [4;35;1mSQL (0.3ms)[0m   [0m SELECT name
 FROM sqlite_master
 WHERE type = 'table' AND NOT name = 'sqlite_sequence'
[0m
  [4;36;1mSQL (0.1ms)[0m   [0;1mSELECT version FROM schema_migrations[0m
  [4;35;1mSQL (0.2ms)[0m   [0m SELECT name
 FROM sqlite_master
 WHERE type = 'table' AND NOT name = 'sqlite_sequence'
[0m
  [4;36;1mSQL (0.0ms)[0m   [0;1mPRAGMA index_list("menu_items")[0m
  [4;35;1mSQL (0.0ms)[0m   [0mPRAGMA index_list("menus")[0m


Processing MenusController#index (for 127.0.0.1 at 2009-10-18 18:21:28) [GET]
  [4;36;1mMenu Load (0.4ms)[0m   [0;1mSELECT * FROM "menus" [0m
Rendering template within layouts/menus
Rendering menus/index
Completed in 76ms (View: 72, DB: 0) | 200 OK [http://localhost/menus]


Processing MenusController#new (for 127.0.0.1 at 2009-10-18 18:21:31) [GET]
Rendering template within layouts/menus
Rendering menus/new

ActionView::TemplateError (undefined method `price' for #<Menu:0x1044981d0>) on line #16 of app/views/menus/new.html.erb:
13:   </p>
14:   <p>
15:     <%= f.label :price %><br />
16:     <%= f.text_field :price %>
17:   </p>
18:   <p>
19:     <%= f.submit 'Create' %>

    app/views/menus/new.html.erb:16
    app/views/menus/new.html.erb:3
    app/controllers/menus_controller.rb:29:in `new'

Rendered rescues/_trace (45.1ms)
Rendered rescues/_request_and_response (1.0ms)
Rendering rescues/layout (internal_server_error)
  [4;36;1mSQL (0.2ms)[0m   [0;1m SELECT name
 FROM sqlite_master
 WHERE type = 'table' AND NOT name = 'sqlite_sequence'
[0m
  [4;35;1mSQL (0.1ms)[0m   [0mselect sqlite_version(*)[0m
  [4;36;1mSQL (367.4ms)[0m   [0;1mCREATE TABLE "schema_migrations" ("version" varchar(255) NOT NULL) [0m
  [4;35;1mSQL (3.7ms)[0m   [0mCREATE UNIQUE INDEX "unique_schema_migrations" ON "schema_migrations" ("version")[0m
  [4;36;1mSQL (0.4ms)[0m   [0;1m SELECT name
 FROM sqlite_master
 WHERE type = 'table' AND NOT name = 'sqlite_sequence'
[0m
  [4;35;1mSQL (0.2ms)[0m   [0mSELECT version FROM schema_migrations[0m
Migrating to CreateMenuItems (20091019002617)
  [4;36;1mSQL (0.5ms)[0m   [0;1mCREATE TABLE "menu_items" ("id" INTEGER PRIMARY KEY AUTOINCREMENT NOT NULL, "name" varchar(255), "description" text, "created_at" datetime, "updated_at" datetime) [0m
  [4;35;1mSQL (0.2ms)[0m   [0mINSERT INTO schema_migrations (version) VALUES ('20091019002617')[0m
Migrating to CreateMenus (20091019011840)
  [4;36;1mSQL (0.4ms)[0m   [0;1mCREATE TABLE "menus" ("id" INTEGER PRIMARY KEY AUTOINCREMENT NOT NULL, "Name" varchar(255), "description" text, "price" integer, "created_at" datetime, "updated_at" datetime) [0m
  [4;35;1mSQL (0.1ms)[0m   [0mINSERT INTO schema_migrations (version) VALUES ('20091019011840')[0m
  [4;36;1mSQL (0.3ms)[0m   [0;1m SELECT name
 FROM sqlite_master
 WHERE type = 'table' AND NOT name = 'sqlite_sequence'
[0m
  [4;35;1mSQL (0.1ms)[0m   [0mSELECT version FROM schema_migrations[0m
  [4;36;1mSQL (0.2ms)[0m   [0;1m SELECT name
 FROM sqlite_master
 WHERE type = 'table' AND NOT name = 'sqlite_sequence'
[0m
  [4;35;1mSQL (0.0ms)[0m   [0mPRAGMA index_list("menu_items")[0m
  [4;36;1mSQL (0.0ms)[0m   [0;1mPRAGMA index_list("menus")[0m


Processing MenusController#index (for 127.0.0.1 at 2009-10-18 18:30:36) [GET]
  [4;36;1mMenu Load (0.3ms)[0m   [0;1mSELECT * FROM "menus" [0m
Rendering template within layouts/menus
Rendering menus/index
Completed in 76ms (View: 72, DB: 0) | 200 OK [http://localhost/menus]


Processing MenusController#new (for 127.0.0.1 at 2009-10-18 18:30:38) [GET]
Rendering template within layouts/menus
Rendering menus/new
Completed in 13ms (View: 9, DB: 0) | 200 OK [http://localhost/menus/new]


Processing MenusController#create (for 127.0.0.1 at 2009-10-18 18:30:42) [POST]
  Parameters: {"commit"=>"Create", "authenticity_token"=>"r7tRX2eMoHnsyE1SQ3k4gW2eqIMXivJw03IUju4yMww=", "menu"=>{"price"=>"122", "Name"=>"asdfasdf", "description"=>"asdfasfd"}}
  [4;35;1mMenu Create (0.4ms)[0m   [0mINSERT INTO "menus" ("price", "created_at", "Name", "updated_at", "description") VALUES(122, '2009-10-19 01:30:42', 'asdfasdf', '2009-10-19 01:30:42', 'asdfasfd')[0m
Redirected to http://localhost:3000/menus/1
Completed in 53ms (DB: 0) | 302 Found [http://localhost/menus]


Processing MenusController#show (for 127.0.0.1 at 2009-10-18 18:30:42) [GET]
  Parameters: {"id"=>"1"}
  [4;36;1mMenu Load (0.2ms)[0m   [0;1mSELECT * FROM "menus" WHERE ("menus"."id" = 1) [0m
Rendering template within layouts/menus
Rendering menus/show
Completed in 11ms (View: 6, DB: 0) | 200 OK [http://localhost/menus/1]
